<?xml version="1.0" encoding="UTF-8"?>
<!-- Generated by org.testng.reporters.JUnitXMLReporter -->
<testsuite ignored="2" hostname="DESKTOP-685CKSH" failures="0" tests="3" name="Test" time="3.403" errors="0" timestamp="2022-03-20T15:48:25 GST">
  <testcase classname="TestCases.HomeTC" name="HomeImageIcon_Validation" time="0.064"/>
  <testcase classname="TestCases.FindOwnerTC" name="FindOwner_AddNewOwner_Validation" time="1.836"/>
  <testcase classname="TestCases.FindOwnerTC" name="FindOwner_AddNewPet_Validation" time="1.439"/>
  <testcase classname="Utilities.Base" name="@AfterSuite QuitBrowser" time="0.0">
    <ignored/>
  </testcase> <!-- @AfterSuite QuitBrowser -->
  <testcase classname="Utilities.Base" name="@BeforeSuite InitialSetup" time="0.0">
    <ignored/>
  </testcase> <!-- @BeforeSuite InitialSetup -->
</testsuite> <!-- Test -->
