<?xml version="1.0" encoding="UTF-8"?>
<testng-results ignored="10" total="13" passed="3" failed="0" skipped="0">
  <reporter-output>
  </reporter-output>
  <suite started-at="2022-03-20T18:51:07 GST" name="Default suite" finished-at="2022-03-20T18:51:12 GST" duration-ms="4292">
    <groups>
    </groups>
    <test started-at="2022-03-20T18:51:07 GST" name="Default test" finished-at="2022-03-20T18:51:12 GST" duration-ms="4292">
      <class name="PageObjects.Home">
        <test-method is-config="true" signature="InitialSetup()[pri:0, instance:PageObjects.Home@c33b74f]" started-at="2022-03-20T18:51:03 GST" name="InitialSetup" finished-at="2022-03-20T18:51:07 GST" duration-ms="4606" status="PASS">
          <reporter-output>
          </reporter-output>
        </test-method> <!-- InitialSetup -->
        <test-method is-config="true" signature="QuitBrowser()[pri:0, instance:PageObjects.Home@c33b74f]" started-at="2022-03-20T18:51:12 GST" name="QuitBrowser" finished-at="2022-03-20T18:51:13 GST" duration-ms="848" status="PASS">
          <reporter-output>
          </reporter-output>
        </test-method> <!-- QuitBrowser -->
      </class> <!-- PageObjects.Home -->
      <class name="TestCases.HomeTC">
        <test-method signature="HomeImageIcon_Validation()[pri:1, instance:TestCases.HomeTC@56620197]" started-at="2022-03-20T18:51:07 GST" name="HomeImageIcon_Validation" finished-at="2022-03-20T18:51:07 GST" duration-ms="70" status="PASS">
          <reporter-output>
          </reporter-output>
        </test-method> <!-- HomeImageIcon_Validation -->
        <test-method is-config="true" signature="getResults(org.testng.ITestResult)[pri:0, instance:TestCases.HomeTC@56620197]" started-at="2022-03-20T18:51:07 GST" name="getResults" finished-at="2022-03-20T18:51:07 GST" duration-ms="5" status="PASS">
          <params>
            <param index="0">
              <value>
                <![CDATA[[TestResult name=HomeImageIcon_Validation status=SUCCESS method=HomeTC.HomeImageIcon_Validation()[pri:1, instance:TestCases.HomeTC@56620197] output={null}]]]>
              </value>
            </param>
          </params>
          <reporter-output>
          </reporter-output>
        </test-method> <!-- getResults -->
      </class> <!-- TestCases.HomeTC -->
      <class name="TestCases.FindOwnerTC">
        <test-method signature="FindOwner_AddNewOwner_Validation()[pri:2, instance:TestCases.FindOwnerTC@6eda5c9]" started-at="2022-03-20T18:51:07 GST" name="FindOwner_AddNewOwner_Validation" finished-at="2022-03-20T18:51:10 GST" duration-ms="2691" status="PASS">
          <reporter-output>
          </reporter-output>
        </test-method> <!-- FindOwner_AddNewOwner_Validation -->
        <test-method is-config="true" signature="getResults(org.testng.ITestResult)[pri:0, instance:TestCases.FindOwnerTC@6eda5c9]" started-at="2022-03-20T18:51:10 GST" name="getResults" finished-at="2022-03-20T18:51:10 GST" duration-ms="1" status="PASS">
          <params>
            <param index="0">
              <value>
                <![CDATA[[TestResult name=FindOwner_AddNewOwner_Validation status=SUCCESS method=FindOwnerTC.FindOwner_AddNewOwner_Validation()[pri:2, instance:TestCases.FindOwnerTC@6eda5c9] output={null}]]]>
              </value>
            </param>
          </params>
          <reporter-output>
          </reporter-output>
        </test-method> <!-- getResults -->
        <test-method signature="FindOwner_AddNewPet_Validation()[pri:3, instance:TestCases.FindOwnerTC@6eda5c9]" started-at="2022-03-20T18:51:10 GST" name="FindOwner_AddNewPet_Validation" finished-at="2022-03-20T18:51:12 GST" duration-ms="1462" status="PASS">
          <reporter-output>
          </reporter-output>
        </test-method> <!-- FindOwner_AddNewPet_Validation -->
        <test-method is-config="true" signature="getResults(org.testng.ITestResult)[pri:0, instance:TestCases.FindOwnerTC@6eda5c9]" started-at="2022-03-20T18:51:12 GST" name="getResults" finished-at="2022-03-20T18:51:12 GST" duration-ms="1" status="PASS">
          <params>
            <param index="0">
              <value>
                <![CDATA[[TestResult name=FindOwner_AddNewPet_Validation status=SUCCESS method=FindOwnerTC.FindOwner_AddNewPet_Validation()[pri:3, instance:TestCases.FindOwnerTC@6eda5c9] output={null}]]]>
              </value>
            </param>
          </params>
          <reporter-output>
          </reporter-output>
        </test-method> <!-- getResults -->
      </class> <!-- TestCases.FindOwnerTC -->
    </test> <!-- Default test -->
  </suite> <!-- Default suite -->
</testng-results>
